d:\vs2013 program\数组指针\数组指针\debug\vc120.pdb
d:\vs2013 program\数组指针\数组指针\debug\vc120.idb
d:\vs2013 program\数组指针\数组指针\debug\数组指针.obj
d:\vs2013 program\数组指针\debug\数组指针.pdb
d:\vs2013 program\数组指针\数组指针\debug\数组指针.tlog\cl.command.1.tlog
d:\vs2013 program\数组指针\数组指针\debug\数组指针.tlog\cl.read.1.tlog
d:\vs2013 program\数组指针\数组指针\debug\数组指针.tlog\cl.write.1.tlog
d:\vs2013 program\数组指针\数组指针\debug\数组指针.tlog\link-cvtres.read.1.tlog
d:\vs2013 program\数组指针\数组指针\debug\数组指针.tlog\link-cvtres.write.1.tlog
d:\vs2013 program\数组指针\数组指针\debug\数组指针.tlog\link-rc.read.1.tlog
d:\vs2013 program\数组指针\数组指针\debug\数组指针.tlog\link-rc.write.1.tlog
d:\vs2013 program\数组指针\数组指针\debug\数组指针.tlog\link.11552-cvtres.read.1.tlog
d:\vs2013 program\数组指针\数组指针\debug\数组指针.tlog\link.11552-cvtres.write.1.tlog
d:\vs2013 program\数组指针\数组指针\debug\数组指针.tlog\link.11552-rc.read.1.tlog
d:\vs2013 program\数组指针\数组指针\debug\数组指针.tlog\link.11552-rc.write.1.tlog
d:\vs2013 program\数组指针\数组指针\debug\数组指针.tlog\link.11552.read.1.tlog
d:\vs2013 program\数组指针\数组指针\debug\数组指针.tlog\link.11552.write.1.tlog
d:\vs2013 program\数组指针\数组指针\debug\数组指针.tlog\link.command.1.tlog
d:\vs2013 program\数组指针\数组指针\debug\数组指针.tlog\link.read.1.tlog
d:\vs2013 program\数组指针\数组指针\debug\数组指针.tlog\link.write.1.tlog
